<?xml version="1.0" encoding="UTF-8"?>
<testng-results ignored="0" total="2" passed="2" failed="0" skipped="0">
  <reporter-output>
  </reporter-output>
  <suite started-at="2024-07-06T05:28:43Z" name="Default suite" finished-at="2024-07-06T05:28:52Z" duration-ms="8505">
    <groups>
    </groups>
    <test started-at="2024-07-06T05:28:43Z" name="Default test" finished-at="2024-07-06T05:28:52Z" duration-ms="8505">
      <class name="com.swagger.Swaggersample">
        <test-method signature="login()[pri:1, instance:com.swagger.Swaggersample@432038ec]" started-at="2024-07-06T05:28:43Z" name="login" finished-at="2024-07-06T05:28:49Z" duration-ms="6013" status="PASS">
          <reporter-output>
          </reporter-output>
        </test-method> <!-- login -->
        <test-method signature="changeprofilepic()[pri:9, instance:com.swagger.Swaggersample@432038ec]" started-at="2024-07-06T05:28:50Z" name="changeprofilepic" finished-at="2024-07-06T05:28:52Z" duration-ms="2455" status="PASS">
          <reporter-output>
          </reporter-output>
        </test-method> <!-- changeprofilepic -->
      </class> <!-- com.swagger.Swaggersample -->
    </test> <!-- Default test -->
  </suite> <!-- Default suite -->
</testng-results>
